<?xml version="1.0" encoding="UTF-8"?>
<testsuite name="com.example.springboot.lesson.repository.CompanyRepositoryTest" tests="2" skipped="0" failures="0" errors="0" timestamp="2021-05-27T08:09:26" hostname="PLC-LAPTOP-04" time="0.498">
  <properties/>
  <testcase name="saveTest()" classname="com.example.springboot.lesson.repository.CompanyRepositoryTest" time="0.43"/>
  <testcase name="getByIdTest()" classname="com.example.springboot.lesson.repository.CompanyRepositoryTest" time="0.057"/>
  <system-out><![CDATA[11:09:20.352 [Test worker] DEBUG org.springframework.test.context.BootstrapUtils - Instantiating CacheAwareContextLoaderDelegate from class [org.springframework.test.context.cache.DefaultCacheAwareContextLoaderDelegate]
11:09:20.366 [Test worker] DEBUG org.springframework.test.context.BootstrapUtils - Instantiating BootstrapContext using constructor [public org.springframework.test.context.support.DefaultBootstrapContext(java.lang.Class,org.springframework.test.context.CacheAwareContextLoaderDelegate)]
11:09:20.411 [Test worker] DEBUG org.springframework.test.context.BootstrapUtils - Instantiating TestContextBootstrapper for test class [com.example.springboot.lesson.repository.CompanyRepositoryTest] from class [org.springframework.boot.test.context.SpringBootTestContextBootstrapper]
11:09:20.436 [Test worker] INFO org.springframework.boot.test.context.SpringBootTestContextBootstrapper - Neither @ContextConfiguration nor @ContextHierarchy found for test class [com.example.springboot.lesson.repository.CompanyRepositoryTest], using SpringBootContextLoader
11:09:20.443 [Test worker] DEBUG org.springframework.test.context.support.AbstractContextLoader - Did not detect default resource location for test class [com.example.springboot.lesson.repository.CompanyRepositoryTest]: class path resource [com/example/springboot/lesson/repository/CompanyRepositoryTest-context.xml] does not exist
11:09:20.444 [Test worker] DEBUG org.springframework.test.context.support.AbstractContextLoader - Did not detect default resource location for test class [com.example.springboot.lesson.repository.CompanyRepositoryTest]: class path resource [com/example/springboot/lesson/repository/CompanyRepositoryTestContext.groovy] does not exist
11:09:20.444 [Test worker] INFO org.springframework.test.context.support.AbstractContextLoader - Could not detect default resource locations for test class [com.example.springboot.lesson.repository.CompanyRepositoryTest]: no resource found for suffixes {-context.xml, Context.groovy}.
11:09:20.446 [Test worker] INFO org.springframework.test.context.support.AnnotationConfigContextLoaderUtils - Could not detect default configuration classes for test class [com.example.springboot.lesson.repository.CompanyRepositoryTest]: CompanyRepositoryTest does not declare any static, non-private, non-final, nested classes annotated with @Configuration.
11:09:20.662 [Test worker] DEBUG org.springframework.context.annotation.ClassPathScanningCandidateComponentProvider - Identified candidate component class: file [D:\Done\My\spring-boot-lesson\build\classes\java\main\com\example\springboot\lesson\SpringBootLessonApplication.class]
11:09:20.664 [Test worker] INFO org.springframework.boot.test.context.SpringBootTestContextBootstrapper - Found @SpringBootConfiguration com.example.springboot.lesson.SpringBootLessonApplication for test class com.example.springboot.lesson.repository.CompanyRepositoryTest
11:09:20.816 [Test worker] DEBUG org.springframework.boot.test.context.SpringBootTestContextBootstrapper - @TestExecutionListeners is not present for class [com.example.springboot.lesson.repository.CompanyRepositoryTest]: using defaults.
11:09:20.817 [Test worker] INFO org.springframework.boot.test.context.SpringBootTestContextBootstrapper - Loaded default TestExecutionListener class names from location [META-INF/spring.factories]: [org.springframework.boot.test.autoconfigure.restdocs.RestDocsTestExecutionListener, org.springframework.boot.test.autoconfigure.web.client.MockRestServiceServerResetTestExecutionListener, org.springframework.boot.test.autoconfigure.web.servlet.MockMvcPrintOnlyOnFailureTestExecutionListener, org.springframework.boot.test.autoconfigure.web.servlet.WebDriverTestExecutionListener, org.springframework.boot.test.autoconfigure.webservices.client.MockWebServiceServerTestExecutionListener, org.springframework.boot.test.mock.mockito.MockitoTestExecutionListener, org.springframework.boot.test.mock.mockito.ResetMocksTestExecutionListener, org.springframework.test.context.web.ServletTestExecutionListener, org.springframework.test.context.support.DirtiesContextBeforeModesTestExecutionListener, org.springframework.test.context.support.DependencyInjectionTestExecutionListener, org.springframework.test.context.support.DirtiesContextTestExecutionListener, org.springframework.test.context.transaction.TransactionalTestExecutionListener, org.springframework.test.context.jdbc.SqlScriptsTestExecutionListener, org.springframework.test.context.event.EventPublishingTestExecutionListener]
11:09:20.829 [Test worker] DEBUG org.springframework.boot.test.context.SpringBootTestContextBootstrapper - Skipping candidate TestExecutionListener [org.springframework.test.context.web.ServletTestExecutionListener] due to a missing dependency. Specify custom listener classes or make the default listener classes and their required dependencies available. Offending class: [javax/servlet/ServletContext]
11:09:20.840 [Test worker] INFO org.springframework.boot.test.context.SpringBootTestContextBootstrapper - Using TestExecutionListeners: [org.springframework.test.context.support.DirtiesContextBeforeModesTestExecutionListener@43f85bec, org.springframework.boot.test.mock.mockito.MockitoTestExecutionListener@3a3c017f, org.springframework.boot.test.autoconfigure.SpringBootDependencyInjectionTestExecutionListener@1862fcd9, org.springframework.test.context.support.DirtiesContextTestExecutionListener@886535c, org.springframework.test.context.transaction.TransactionalTestExecutionListener@9205e9b, org.springframework.test.context.jdbc.SqlScriptsTestExecutionListener@53cd9139, org.springframework.test.context.event.EventPublishingTestExecutionListener@5c463bad, org.springframework.boot.test.autoconfigure.restdocs.RestDocsTestExecutionListener@66e08fca, org.springframework.boot.test.autoconfigure.web.client.MockRestServiceServerResetTestExecutionListener@6d3fd10b, org.springframework.boot.test.autoconfigure.web.servlet.MockMvcPrintOnlyOnFailureTestExecutionListener@52c4c1cc, org.springframework.boot.test.autoconfigure.web.servlet.WebDriverTestExecutionListener@3fb2136a, org.springframework.boot.test.autoconfigure.webservices.client.MockWebServiceServerTestExecutionListener@5d4e5589, org.springframework.boot.test.mock.mockito.ResetMocksTestExecutionListener@4e6a60a2]
11:09:20.846 [Test worker] DEBUG org.springframework.test.context.support.AbstractDirtiesContextTestExecutionListener - Before test class: context [DefaultTestContext@7f3a5aca testClass = CompanyRepositoryTest, testInstance = [null], testMethod = [null], testException = [null], mergedContextConfiguration = [MergedContextConfiguration@6f478adf testClass = CompanyRepositoryTest, locations = '{}', classes = '{class com.example.springboot.lesson.SpringBootLessonApplication}', contextInitializerClasses = '[]', activeProfiles = '{test}', propertySourceLocations = '{}', propertySourceProperties = '{org.springframework.boot.test.context.SpringBootTestContextBootstrapper=true}', contextCustomizers = set[org.springframework.boot.test.autoconfigure.properties.PropertyMappingContextCustomizer@0, org.springframework.boot.test.autoconfigure.web.servlet.WebDriverContextCustomizerFactory$Customizer@74c2187d, org.springframework.boot.test.context.filter.ExcludeFilterContextCustomizer@4a2512ae, org.springframework.boot.test.json.DuplicateJsonObjectContextCustomizerFactory$DuplicateJsonObjectContextCustomizer@29bedf98, org.springframework.boot.test.mock.mockito.MockitoContextCustomizer@0, org.springframework.boot.test.web.client.TestRestTemplateContextCustomizer@4b852c6, org.springframework.boot.test.context.SpringBootTestArgs@1], contextLoader = 'org.springframework.boot.test.context.SpringBootContextLoader', parent = [null]], attributes = map[[empty]]], class annotated with @DirtiesContext [false] with mode [null].
11:09:20.870 [Test worker] DEBUG org.springframework.test.context.support.DependencyInjectionTestExecutionListener - Performing dependency injection for test context [[DefaultTestContext@7f3a5aca testClass = CompanyRepositoryTest, testInstance = com.example.springboot.lesson.repository.CompanyRepositoryTest@521c1149, testMethod = [null], testException = [null], mergedContextConfiguration = [MergedContextConfiguration@6f478adf testClass = CompanyRepositoryTest, locations = '{}', classes = '{class com.example.springboot.lesson.SpringBootLessonApplication}', contextInitializerClasses = '[]', activeProfiles = '{test}', propertySourceLocations = '{}', propertySourceProperties = '{org.springframework.boot.test.context.SpringBootTestContextBootstrapper=true}', contextCustomizers = set[org.springframework.boot.test.autoconfigure.properties.PropertyMappingContextCustomizer@0, org.springframework.boot.test.autoconfigure.web.servlet.WebDriverContextCustomizerFactory$Customizer@74c2187d, org.springframework.boot.test.context.filter.ExcludeFilterContextCustomizer@4a2512ae, org.springframework.boot.test.json.DuplicateJsonObjectContextCustomizerFactory$DuplicateJsonObjectContextCustomizer@29bedf98, org.springframework.boot.test.mock.mockito.MockitoContextCustomizer@0, org.springframework.boot.test.web.client.TestRestTemplateContextCustomizer@4b852c6, org.springframework.boot.test.context.SpringBootTestArgs@1], contextLoader = 'org.springframework.boot.test.context.SpringBootContextLoader', parent = [null]], attributes = map[[empty]]]].
11:09:20.901 [Test worker] DEBUG org.springframework.core.env.StandardEnvironment - Activating profiles [test]
11:09:20.910 [Test worker] DEBUG org.springframework.test.context.support.TestPropertySourceUtils - Adding inlined properties to environment: {spring.jmx.enabled=false, org.springframework.boot.test.context.SpringBootTestContextBootstrapper=true}

  .   ____          _            __ _ _
 /\\ / ___'_ __ _ _(_)_ __  __ _ \ \ \ \
( ( )\___ | '_ | '_| | '_ \/ _` | \ \ \ \
 \\/  ___)| |_)| | | | | || (_| |  ) ) ) )
  '  |____| .__|_| |_|_| |_\__, | / / / /
 =========|_|==============|___/=/_/_/_/
 :: Spring Boot ::        (v2.3.0.RELEASE)

2021-05-27 11:09:21.370  INFO 16016 --- [    Test worker] c.e.s.l.r.CompanyRepositoryTest          : Starting CompanyRepositoryTest on PLC-LAPTOP-04 with PID 16016 (started by mru_plc_engineer in D:\Done\My\spring-boot-lesson)
2021-05-27 11:09:21.372  INFO 16016 --- [    Test worker] c.e.s.l.r.CompanyRepositoryTest          : The following profiles are active: test
2021-05-27 11:09:22.200  INFO 16016 --- [    Test worker] .s.d.r.c.RepositoryConfigurationDelegate : Bootstrapping Spring Data JPA repositories in DEFERRED mode.
2021-05-27 11:09:22.314  INFO 16016 --- [    Test worker] .s.d.r.c.RepositoryConfigurationDelegate : Finished Spring Data repository scanning in 101ms. Found 2 JPA repository interfaces.
2021-05-27 11:09:23.200  INFO 16016 --- [    Test worker] o.s.s.concurrent.ThreadPoolTaskExecutor  : Initializing ExecutorService 'applicationTaskExecutor'
2021-05-27 11:09:23.231  INFO 16016 --- [    Test worker] com.zaxxer.hikari.HikariDataSource       : HikariPool-1 - Starting...
2021-05-27 11:09:23.374  INFO 16016 --- [    Test worker] com.zaxxer.hikari.HikariDataSource       : HikariPool-1 - Start completed.
2021-05-27 11:09:23.468  WARN 16016 --- [    Test worker] c.e.s.l.config.ApplicationConfiguration  : our configuration is loaded
2021-05-27 11:09:23.523  INFO 16016 --- [         task-1] o.hibernate.jpa.internal.util.LogHelper  : HHH000204: Processing PersistenceUnitInfo [name: default]
2021-05-27 11:09:23.631  INFO 16016 --- [         task-1] org.hibernate.Version                    : HHH000412: Hibernate ORM core version 5.4.15.Final
2021-05-27 11:09:23.897  INFO 16016 --- [    Test worker] DeferredRepositoryInitializationListener : Triggering deferred initialization of Spring Data repositories…
2021-05-27 11:09:24.013  INFO 16016 --- [         task-1] o.hibernate.annotations.common.Version   : HCANN000001: Hibernate Commons Annotations {5.1.0.Final}
2021-05-27 11:09:24.247  INFO 16016 --- [         task-1] org.hibernate.dialect.Dialect            : HHH000400: Using dialect: org.hibernate.dialect.PostgreSQL10Dialect
2021-05-27 11:09:25.454  INFO 16016 --- [         task-1] o.h.e.t.j.p.i.JtaPlatformInitiator       : HHH000490: Using JtaPlatform implementation: [org.hibernate.engine.transaction.jta.platform.internal.NoJtaPlatform]
2021-05-27 11:09:25.501  INFO 16016 --- [         task-1] j.LocalContainerEntityManagerFactoryBean : Initialized JPA EntityManagerFactory for persistence unit 'default'
2021-05-27 11:09:26.346  INFO 16016 --- [    Test worker] DeferredRepositoryInitializationListener : Spring Data repositories initialized!
2021-05-27 11:09:26.359  INFO 16016 --- [    Test worker] c.e.s.l.r.CompanyRepositoryTest          : Started CompanyRepositoryTest in 5.444 seconds (JVM running for 7.272)
2021-05-27 11:09:26.400  INFO 16016 --- [    Test worker] o.s.t.c.transaction.TransactionContext   : Began transaction (1) for test context [DefaultTestContext@7f3a5aca testClass = CompanyRepositoryTest, testInstance = com.example.springboot.lesson.repository.CompanyRepositoryTest@521c1149, testMethod = saveTest@CompanyRepositoryTest, testException = [null], mergedContextConfiguration = [MergedContextConfiguration@6f478adf testClass = CompanyRepositoryTest, locations = '{}', classes = '{class com.example.springboot.lesson.SpringBootLessonApplication}', contextInitializerClasses = '[]', activeProfiles = '{test}', propertySourceLocations = '{}', propertySourceProperties = '{org.springframework.boot.test.context.SpringBootTestContextBootstrapper=true}', contextCustomizers = set[org.springframework.boot.test.autoconfigure.properties.PropertyMappingContextCustomizer@0, org.springframework.boot.test.autoconfigure.web.servlet.WebDriverContextCustomizerFactory$Customizer@74c2187d, org.springframework.boot.test.context.filter.ExcludeFilterContextCustomizer@4a2512ae, org.springframework.boot.test.json.DuplicateJsonObjectContextCustomizerFactory$DuplicateJsonObjectContextCustomizer@29bedf98, org.springframework.boot.test.mock.mockito.MockitoContextCustomizer@0, org.springframework.boot.test.web.client.TestRestTemplateContextCustomizer@4b852c6, org.springframework.boot.test.context.SpringBootTestArgs@1], contextLoader = 'org.springframework.boot.test.context.SpringBootContextLoader', parent = [null]], attributes = map[[empty]]]; transaction manager [org.springframework.orm.jpa.JpaTransactionManager@f60889a]; rollback [true]
Hibernate: 
    insert 
    into
        company
        (name) 
    values
        (?)
2021-05-27 11:09:26.803  INFO 16016 --- [    Test worker] o.s.t.c.transaction.TransactionContext   : Rolled back transaction for test: [DefaultTestContext@7f3a5aca testClass = CompanyRepositoryTest, testInstance = com.example.springboot.lesson.repository.CompanyRepositoryTest@521c1149, testMethod = saveTest@CompanyRepositoryTest, testException = [null], mergedContextConfiguration = [MergedContextConfiguration@6f478adf testClass = CompanyRepositoryTest, locations = '{}', classes = '{class com.example.springboot.lesson.SpringBootLessonApplication}', contextInitializerClasses = '[]', activeProfiles = '{test}', propertySourceLocations = '{}', propertySourceProperties = '{org.springframework.boot.test.context.SpringBootTestContextBootstrapper=true}', contextCustomizers = set[org.springframework.boot.test.autoconfigure.properties.PropertyMappingContextCustomizer@0, org.springframework.boot.test.autoconfigure.web.servlet.WebDriverContextCustomizerFactory$Customizer@74c2187d, org.springframework.boot.test.context.filter.ExcludeFilterContextCustomizer@4a2512ae, org.springframework.boot.test.json.DuplicateJsonObjectContextCustomizerFactory$DuplicateJsonObjectContextCustomizer@29bedf98, org.springframework.boot.test.mock.mockito.MockitoContextCustomizer@0, org.springframework.boot.test.web.client.TestRestTemplateContextCustomizer@4b852c6, org.springframework.boot.test.context.SpringBootTestArgs@1], contextLoader = 'org.springframework.boot.test.context.SpringBootContextLoader', parent = [null]], attributes = map[[empty]]]
2021-05-27 11:09:26.825  INFO 16016 --- [    Test worker] o.s.t.c.transaction.TransactionContext   : Began transaction (1) for test context [DefaultTestContext@7f3a5aca testClass = CompanyRepositoryTest, testInstance = com.example.springboot.lesson.repository.CompanyRepositoryTest@628a84a2, testMethod = getByIdTest@CompanyRepositoryTest, testException = [null], mergedContextConfiguration = [MergedContextConfiguration@6f478adf testClass = CompanyRepositoryTest, locations = '{}', classes = '{class com.example.springboot.lesson.SpringBootLessonApplication}', contextInitializerClasses = '[]', activeProfiles = '{test}', propertySourceLocations = '{}', propertySourceProperties = '{org.springframework.boot.test.context.SpringBootTestContextBootstrapper=true}', contextCustomizers = set[org.springframework.boot.test.autoconfigure.properties.PropertyMappingContextCustomizer@0, org.springframework.boot.test.autoconfigure.web.servlet.WebDriverContextCustomizerFactory$Customizer@74c2187d, org.springframework.boot.test.context.filter.ExcludeFilterContextCustomizer@4a2512ae, org.springframework.boot.test.json.DuplicateJsonObjectContextCustomizerFactory$DuplicateJsonObjectContextCustomizer@29bedf98, org.springframework.boot.test.mock.mockito.MockitoContextCustomizer@0, org.springframework.boot.test.web.client.TestRestTemplateContextCustomizer@4b852c6, org.springframework.boot.test.context.SpringBootTestArgs@1], contextLoader = 'org.springframework.boot.test.context.SpringBootContextLoader', parent = [null]], attributes = map[[empty]]]; transaction manager [org.springframework.orm.jpa.JpaTransactionManager@f60889a]; rollback [true]
Hibernate: 
    select
        companyent0_.id as id1_0_0_,
        companyent0_.name as name2_0_0_ 
    from
        company companyent0_ 
    where
        companyent0_.id=?
2021-05-27 11:09:26.877  INFO 16016 --- [    Test worker] o.s.t.c.transaction.TransactionContext   : Rolled back transaction for test: [DefaultTestContext@7f3a5aca testClass = CompanyRepositoryTest, testInstance = com.example.springboot.lesson.repository.CompanyRepositoryTest@628a84a2, testMethod = getByIdTest@CompanyRepositoryTest, testException = [null], mergedContextConfiguration = [MergedContextConfiguration@6f478adf testClass = CompanyRepositoryTest, locations = '{}', classes = '{class com.example.springboot.lesson.SpringBootLessonApplication}', contextInitializerClasses = '[]', activeProfiles = '{test}', propertySourceLocations = '{}', propertySourceProperties = '{org.springframework.boot.test.context.SpringBootTestContextBootstrapper=true}', contextCustomizers = set[org.springframework.boot.test.autoconfigure.properties.PropertyMappingContextCustomizer@0, org.springframework.boot.test.autoconfigure.web.servlet.WebDriverContextCustomizerFactory$Customizer@74c2187d, org.springframework.boot.test.context.filter.ExcludeFilterContextCustomizer@4a2512ae, org.springframework.boot.test.json.DuplicateJsonObjectContextCustomizerFactory$DuplicateJsonObjectContextCustomizer@29bedf98, org.springframework.boot.test.mock.mockito.MockitoContextCustomizer@0, org.springframework.boot.test.web.client.TestRestTemplateContextCustomizer@4b852c6, org.springframework.boot.test.context.SpringBootTestArgs@1], contextLoader = 'org.springframework.boot.test.context.SpringBootContextLoader', parent = [null]], attributes = map[[empty]]]
]]></system-out>
  <system-err><![CDATA[]]></system-err>
</testsuite>
